SF:lib\utils\shared_preferences_global.dart
DA:3,2
DA:5,2
DA:6,4
LF:3
LH:3
end_of_record
SF:lib\repositories\authentication_repository\models\authentication_manager\authentication_manager.dart
DA:9,3
DA:19,4
DA:21,4
DA:26,0
DA:27,0
DA:30,2
DA:31,2
DA:32,2
DA:33,2
DA:34,4
DA:35,4
DA:36,2
DA:37,2
DA:38,2
DA:39,2
DA:43,2
DA:47,4
DA:48,2
DA:49,2
DA:52,4
DA:58,4
DA:59,4
DA:60,4
DA:61,6
DA:63,2
DA:64,6
DA:65,6
DA:66,4
DA:67,4
DA:68,4
DA:69,4
DA:71,4
DA:73,0
DA:74,0
DA:77,0
DA:78,0
DA:82,2
DA:83,2
DA:84,4
DA:85,2
DA:86,4
DA:89,2
DA:90,6
LF:43
LH:37
end_of_record
SF:lib\repositories\authentication_repository\models\user.dart
DA:8,3
DA:15,6
DA:16,3
DA:17,3
DA:18,3
DA:19,3
DA:20,3
DA:23,2
DA:24,1
DA:25,1
DA:26,1
DA:27,1
DA:28,1
DA:32,1
DA:33,2
DA:35,3
LF:16
LH:16
end_of_record
SF:lib\repositories\authentication_repository\authentication_repository.dart
DA:8,3
DA:10,3
DA:12,0
DA:13,0
DA:15,1
DA:16,2
DA:19,1
DA:23,3
DA:27,1
DA:28,3
DA:31,1
DA:32,3
LF:12
LH:10
end_of_record
SF:lib\repositories\modbus_data_repository\models\modbus_data_manager\component_measurements\battery_measurements.dart
DA:7,12
DA:20,2
DA:22,24
LF:3
LH:3
end_of_record
SF:lib\repositories\modbus_data_repository\models\modbus_data_manager\component_measurements\bypass_measurements.dart
DA:19,12
DA:35,2
DA:36,2
DA:37,2
DA:38,2
DA:39,2
DA:40,2
DA:41,2
DA:42,2
DA:43,2
DA:44,2
DA:45,2
DA:46,2
DA:47,2
DA:48,2
DA:49,2
DA:50,2
LF:17
LH:17
end_of_record
SF:lib\repositories\modbus_data_repository\models\modbus_data_manager\component_measurements\input_measurements.dart
DA:18,12
DA:33,2
DA:34,2
DA:35,2
DA:36,2
DA:37,2
DA:38,2
DA:39,2
DA:40,2
DA:41,2
DA:42,2
DA:43,2
DA:44,2
DA:45,2
DA:46,2
DA:47,2
LF:16
LH:16
end_of_record
SF:lib\repositories\modbus_data_repository\models\modbus_data_manager\component_measurements\inverter_measurements.dart
DA:6,12
DA:9,2
DA:10,18
LF:3
LH:3
end_of_record
SF:lib\repositories\modbus_data_repository\models\modbus_data_manager\component_measurements\output_measurements.dart
DA:36,12
DA:69,2
DA:70,2
DA:71,2
DA:72,2
DA:73,2
DA:74,2
DA:75,2
DA:76,2
DA:77,2
DA:78,2
DA:79,2
DA:80,2
DA:81,2
DA:82,2
DA:83,2
DA:84,2
DA:85,2
DA:86,2
DA:87,2
DA:88,2
DA:89,2
DA:90,2
DA:91,2
DA:92,2
DA:93,2
DA:94,2
DA:95,2
DA:96,2
DA:97,2
DA:98,2
DA:99,2
DA:100,2
DA:101,2
LF:34
LH:34
end_of_record
SF:lib\repositories\modbus_data_repository\exceptions\exceptions.dart
DA:4,3
DA:6,0
DA:8,0
DA:9,0
DA:13,3
DA:15,6
DA:19,0
DA:23,0
DA:27,0
DA:31,0
DA:35,4
DA:39,0
DA:40,0
LF:13
LH:4
end_of_record
SF:lib\repositories\modbus_data_repository\models\modbus\ups_info.dart
DA:6,4
LF:1
LH:1
end_of_record
SF:lib\repositories\modbus_data_repository\models\modbus_connection_manager\modbus_connection_manager.dart
DA:7,4
DA:31,0
DA:32,0
DA:35,3
DA:37,3
DA:39,1
DA:40,2
DA:41,1
DA:42,3
DA:45,1
DA:46,3
DA:48,1
DA:49,0
DA:51,1
DA:53,3
DA:54,2
DA:56,1
DA:57,1
DA:58,1
DA:59,1
DA:60,0
DA:61,0
DA:62,0
DA:64,0
DA:65,0
DA:73,1
DA:74,3
DA:75,1
DA:76,2
DA:78,3
DA:79,1
DA:83,0
DA:84,0
DA:85,0
DA:86,0
DA:89,1
DA:90,2
DA:93,1
DA:95,3
DA:97,1
DA:98,2
DA:99,1
DA:100,1
DA:101,1
DA:102,0
DA:103,0
DA:104,0
DA:105,0
DA:106,0
DA:107,0
DA:108,0
DA:109,0
DA:110,0
DA:112,0
DA:113,0
LF:55
LH:32
end_of_record
SF:lib\repositories\modbus_data_repository\models\modbus_data_manager\managers\alarms_manager.dart
DA:10,4
DA:12,12
DA:13,12
DA:15,4
DA:16,4
DA:19,4
DA:21,2
DA:22,2
DA:23,8
DA:24,8
DA:25,4
DA:26,6
DA:27,2
DA:28,4
DA:29,6
DA:35,3
DA:36,9
LF:17
LH:17
end_of_record
SF:lib\utils\translator.dart
DA:16,6
DA:18,6
DA:19,6
DA:22,6
DA:23,6
DA:24,18
DA:25,18
DA:26,24
DA:28,6
DA:29,12
DA:30,12
DA:31,6
DA:32,12
DA:33,6
DA:34,42
DA:35,6
DA:38,6
DA:40,18
DA:41,12
DA:46,0
DA:48,0
DA:49,0
DA:52,0
DA:53,0
DA:54,0
DA:58,6
DA:59,18
DA:61,12
DA:62,6
DA:63,12
DA:64,18
DA:65,6
DA:66,6
DA:68,0
DA:70,6
DA:71,12
DA:72,30
DA:74,4
LF:38
LH:31
end_of_record
SF:lib\repositories\modbus_data_repository\utils\utils.dart
DA:3,6
DA:4,12
DA:7,0
DA:9,0
DA:10,0
DA:12,0
DA:13,0
DA:14,0
DA:17,0
DA:18,0
DA:22,2
DA:23,10
DA:27,0
DA:28,0
DA:31,0
DA:32,0
DA:35,5
DA:36,5
LF:18
LH:6
end_of_record
SF:lib\utils\excel_reader.dart
DA:5,6
DA:6,18
DA:7,6
DA:10,6
DA:11,6
DA:12,24
DA:15,6
DA:16,12
LF:8
LH:8
end_of_record
SF:lib\repositories\modbus_data_repository\models\modbus\modbus_connector.dart
DA:25,3
DA:27,6
DA:29,3
DA:31,3
DA:32,0
DA:34,21
DA:35,6
DA:37,3
DA:38,12
DA:40,12
DA:41,6
DA:44,3
DA:45,3
DA:46,9
DA:47,6
DA:48,3
DA:49,3
DA:53,3
DA:54,9
DA:57,3
DA:58,3
DA:61,3
DA:63,21
DA:64,3
DA:65,21
DA:68,2
DA:69,12
DA:70,10
DA:73,2
DA:74,8
DA:75,10
DA:76,10
DA:79,3
DA:80,3
DA:81,3
DA:82,6
DA:83,3
DA:84,3
DA:85,6
DA:86,6
DA:87,3
DA:88,3
DA:89,3
DA:93,3
DA:94,15
LF:45
LH:44
end_of_record
SF:lib\repositories\modbus_data_repository\models\modbus\modbus_master.dart
DA:16,2
DA:17,4
DA:18,6
DA:19,6
DA:20,6
DA:23,6
DA:25,6
DA:27,2
DA:28,6
DA:29,4
DA:32,2
DA:33,6
DA:36,2
DA:37,4
DA:40,2
DA:42,4
DA:44,2
DA:45,3
DA:47,1
DA:48,0
DA:55,2
DA:56,4
DA:57,2
DA:58,2
DA:59,2
DA:60,2
DA:63,4
DA:64,4
DA:66,4
DA:67,4
DA:68,6
DA:69,8
DA:70,2
DA:74,0
DA:78,2
DA:79,4
DA:82,2
DA:83,6
DA:86,0
DA:87,0
DA:88,0
DA:89,0
DA:93,0
DA:94,0
DA:95,0
DA:97,0
DA:98,0
DA:99,0
DA:103,2
DA:104,2
DA:105,2
DA:107,4
DA:108,0
DA:111,0
DA:112,0
DA:114,0
DA:115,0
DA:118,0
DA:121,0
DA:122,0
DA:125,2
DA:126,6
DA:127,4
DA:130,0
DA:131,0
DA:136,3
DA:137,3
DA:143,2
DA:145,4
DA:147,2
DA:148,4
DA:149,8
LF:72
LH:50
end_of_record
SF:lib\repositories\modbus_data_repository\models\modbus_data_manager\managers\measurements_manager.dart
DA:108,4
DA:109,4
DA:110,16
DA:111,4
DA:112,28
DA:114,4
DA:115,4
DA:118,4
DA:120,4
DA:122,12
DA:123,12
DA:125,4
DA:126,4
DA:129,4
DA:131,4
DA:132,4
DA:133,4
DA:134,24
DA:135,16
DA:136,0
DA:140,4
DA:142,4
DA:144,2
DA:145,2
DA:147,4
DA:148,4
DA:149,4
DA:150,4
DA:151,4
DA:152,4
DA:153,2
DA:154,2
DA:155,4
DA:156,4
DA:159,2
DA:160,2
DA:162,2
DA:163,2
DA:164,2
DA:165,4
DA:166,2
DA:167,2
DA:168,2
DA:169,2
DA:170,2
DA:171,2
DA:172,2
DA:173,2
DA:174,2
DA:177,2
DA:178,2
DA:179,2
DA:180,2
DA:181,2
DA:182,4
DA:183,2
DA:184,2
DA:185,2
DA:186,2
DA:187,2
DA:188,2
DA:189,2
DA:190,2
DA:191,2
DA:194,2
DA:195,2
DA:196,2
DA:197,2
DA:198,2
DA:199,4
DA:200,4
DA:201,2
DA:202,2
DA:203,2
DA:206,2
DA:207,2
DA:208,2
DA:209,2
DA:210,2
DA:211,2
DA:212,2
DA:213,2
DA:214,2
DA:215,2
DA:216,2
DA:217,2
DA:218,2
DA:219,2
DA:220,2
DA:221,4
DA:222,2
DA:223,2
DA:224,2
DA:225,2
DA:226,2
DA:227,2
DA:228,2
DA:229,2
DA:230,2
DA:231,2
DA:232,2
DA:233,2
DA:234,2
DA:235,2
DA:236,2
DA:237,2
DA:238,2
DA:241,3
DA:243,12
DA:248,4
DA:249,12
DA:250,4
DA:253,4
DA:257,12
DA:259,12
DA:261,12
DA:262,3
DA:264,8
DA:266,8
DA:267,0
DA:268,0
DA:269,0
DA:270,0
DA:272,16
DA:273,8
DA:274,12
DA:275,4
DA:278,3
DA:279,6
DA:280,3
DA:281,6
DA:282,3
DA:284,6
DA:285,3
DA:286,2
DA:287,4
DA:288,2
DA:289,4
DA:290,2
DA:291,2
DA:292,4
DA:293,2
DA:295,4
DA:296,2
LF:144
LH:139
end_of_record
SF:lib\repositories\modbus_data_repository\models\modbus_data_manager\component_measurements\measurements_format.dart
DA:14,6
LF:1
LH:1
end_of_record
SF:lib\repositories\modbus_data_repository\modbus_repository.dart
DA:28,0
DA:30,0
DA:31,0
DA:34,0
DA:36,0
DA:38,0
DA:39,0
DA:41,0
DA:42,0
DA:44,0
DA:46,0
DA:47,0
DA:48,0
DA:49,0
DA:50,0
DA:54,0
DA:56,0
DA:58,0
DA:59,0
DA:60,0
DA:61,0
DA:62,0
DA:63,0
DA:64,0
DA:65,0
DA:66,0
DA:67,0
DA:68,0
DA:69,0
DA:70,0
DA:72,0
DA:73,0
DA:77,0
DA:78,0
DA:79,0
DA:82,0
DA:83,0
DA:84,0
DA:85,0
DA:88,0
DA:89,0
DA:90,0
DA:91,0
DA:92,0
DA:93,0
DA:98,0
DA:100,0
DA:101,0
DA:102,0
DA:103,0
DA:105,0
DA:109,0
DA:110,0
DA:111,0
DA:112,0
DA:115,0
DA:116,0
DA:117,0
DA:120,0
DA:121,0
DA:124,0
DA:125,0
DA:128,0
DA:129,0
DA:132,0
DA:133,0
DA:136,0
DA:137,0
DA:140,0
DA:141,0
DA:144,0
DA:145,0
DA:148,0
DA:149,0
DA:150,0
DA:152,0
DA:157,0
DA:158,0
DA:159,0
DA:161,0
DA:166,0
DA:167,0
DA:168,0
DA:170,0
DA:175,0
DA:176,0
DA:177,0
DA:179,0
DA:184,0
DA:185,0
DA:188,0
DA:189,0
DA:192,0
DA:193,0
DA:196,0
DA:197,0
DA:200,0
DA:201,0
DA:202,0
DA:203,0
LF:100
LH:0
end_of_record
SF:lib\repositories\remote_support_request_repository\managers\remote_support_request_call_manager.dart
DA:11,1
DA:48,0
DA:49,0
DA:54,1
DA:60,0
DA:61,0
DA:62,0
DA:64,0
DA:66,0
DA:67,0
DA:69,0
DA:71,0
DA:72,0
DA:73,0
DA:76,0
DA:77,0
DA:78,0
DA:82,0
DA:83,0
DA:87,0
DA:88,0
DA:89,0
DA:90,0
DA:92,0
DA:93,0
DA:94,0
DA:95,0
DA:96,0
DA:97,0
DA:98,0
DA:99,0
DA:100,0
DA:101,0
DA:102,0
DA:103,0
DA:104,0
DA:110,0
DA:111,0
DA:112,0
DA:115,0
DA:116,0
DA:117,0
DA:118,0
DA:121,0
DA:122,0
DA:123,0
DA:124,0
DA:128,0
DA:129,0
DA:131,0
DA:132,0
DA:133,0
DA:134,0
DA:136,0
DA:137,0
DA:138,0
DA:140,0
DA:142,0
DA:143,0
DA:144,0
DA:147,0
DA:148,0
DA:149,0
DA:150,0
DA:155,0
DA:156,0
DA:158,0
DA:159,0
DA:160,0
DA:161,0
DA:164,0
DA:165,0
DA:167,0
DA:168,0
DA:169,0
DA:170,0
DA:171,0
DA:172,0
DA:173,0
DA:176,0
DA:177,0
DA:179,0
DA:181,0
DA:184,0
DA:185,0
DA:186,0
DA:187,0
DA:189,0
DA:190,0
DA:191,0
DA:193,0
DA:197,0
DA:198,0
DA:200,0
DA:201,0
DA:202,0
DA:204,0
DA:206,0
DA:207,0
DA:210,0
DA:211,0
DA:213,0
DA:214,0
DA:215,0
DA:217,0
DA:219,0
DA:220,0
DA:221,0
DA:224,0
DA:225,0
DA:226,0
DA:227,0
DA:228,0
DA:229,0
LF:114
LH:2
end_of_record
SF:lib\repositories\remote_support_request_repository\models\handshaking\accept_call.dart
DA:5,1
DA:13,2
DA:14,2
DA:15,2
LF:4
LH:4
end_of_record
SF:lib\repositories\remote_support_request_repository\models\handshaking\answer.dart
DA:2,1
DA:10,1
DA:11,3
LF:3
LH:3
end_of_record
SF:lib\repositories\remote_support_request_repository\models\handshaking\client_ice_candidate.dart
DA:6,1
DA:13,2
DA:14,2
DA:15,2
DA:16,2
LF:5
LH:5
end_of_record
SF:lib\repositories\remote_support_request_repository\models\handshaking\client_offer.dart
DA:6,1
DA:12,1
DA:13,7
LF:3
LH:3
end_of_record
SF:lib\repositories\remote_support_request_repository\models\handshaking\close_call.dart
DA:5,1
DA:10,1
DA:11,5
LF:3
LH:3
end_of_record
SF:lib\repositories\remote_support_request_repository\models\handshaking\ice_candidate.dart
DA:2,1
DA:11,2
DA:12,1
DA:13,1
DA:14,1
DA:16,2
DA:17,1
DA:18,1
DA:19,1
LF:9
LH:9
end_of_record
SF:lib\repositories\remote_support_request_repository\models\handshaking\start_call.dart
DA:4,1
DA:8,4
LF:2
LH:2
end_of_record
SF:lib\repositories\remote_support_request_repository\models\handshaking\technician.dart
DA:2,1
DA:6,1
DA:7,2
DA:9,3
LF:4
LH:4
end_of_record
SF:lib\repositories\remote_support_request_repository\models\handshaking\technician_ice_candidate.dart
DA:6,1
DA:13,1
DA:14,1
DA:15,2
DA:16,2
DA:17,2
LF:6
LH:6
end_of_record
SF:lib\repositories\remote_support_request_repository\models\handshaking\technician_offer.dart
DA:6,1
DA:12,1
DA:13,1
DA:14,2
DA:15,2
DA:16,2
LF:6
LH:6
end_of_record
SF:lib\repositories\remote_support_request_repository\models\peer_data\config_data.dart
DA:6,1
DA:14,1
DA:15,1
DA:16,2
DA:17,1
LF:5
LH:5
end_of_record
SF:lib\repositories\remote_support_request_repository\models\peer_data\media_status_data.dart
DA:4,1
DA:12,1
DA:13,1
DA:14,1
DA:15,1
DA:17,1
DA:19,3
LF:7
LH:7
end_of_record
SF:lib\repositories\remote_support_request_repository\models\peer_data\message.dart
DA:4,1
DA:12,2
DA:13,1
DA:14,2
LF:4
LH:4
end_of_record
SF:lib\repositories\remote_support_request_repository\models\peer_data\ups_connection_status_data.dart
DA:4,1
DA:10,1
DA:11,1
DA:12,1
LF:4
LH:4
end_of_record
SF:lib\repositories\remote_support_request_repository\models\peer_data\ups_data.dart
DA:6,1
DA:20,1
DA:21,1
DA:22,2
DA:23,2
DA:24,2
DA:25,1
DA:26,1
LF:8
LH:8
end_of_record
SF:lib\repositories\remote_support_request_repository\remote_support_request_repository.dart
DA:10,1
DA:39,0
DA:41,0
DA:43,0
DA:45,0
DA:46,0
DA:52,0
DA:53,0
DA:56,0
DA:57,0
DA:58,0
DA:59,0
DA:60,0
DA:61,0
DA:64,0
DA:65,0
DA:66,0
DA:69,0
DA:70,0
DA:73,0
DA:74,0
DA:77,0
DA:78,0
DA:81,0
DA:82,0
DA:83,0
DA:86,0
DA:87,0
DA:88,0
DA:89,0
DA:90,0
DA:91,0
DA:92,0
DA:93,0
DA:96,0
DA:97,0
DA:98,0
DA:99,0
DA:100,0
DA:103,0
DA:105,0
DA:110,0
DA:111,0
DA:112,0
DA:114,0
DA:118,0
DA:119,0
DA:120,0
DA:121,0
DA:122,0
DA:123,0
DA:124,0
DA:125,0
DA:126,0
DA:127,0
DA:128,0
LF:56
LH:1
end_of_record
SF:lib\repositories\modbus_data_repository\models\modbus_data_manager\modbus_data_manager.dart
DA:17,1
DA:18,1
DA:19,4
DA:20,1
DA:21,4
DA:38,1
DA:39,2
DA:42,3
DA:44,1
DA:45,2
DA:48,3
DA:50,1
DA:51,2
DA:54,3
DA:56,1
DA:57,2
DA:60,3
DA:62,1
DA:63,2
DA:66,3
DA:68,1
DA:69,2
DA:71,1
DA:72,1
DA:73,2
DA:74,3
DA:75,3
DA:78,2
DA:80,1
DA:81,1
DA:82,2
DA:83,3
DA:84,8
DA:87,2
DA:89,0
DA:91,0
DA:92,0
DA:94,1
DA:95,2
DA:98,1
DA:99,2
DA:102,1
DA:103,2
DA:106,1
DA:107,2
DA:110,1
DA:111,3
DA:114,1
DA:115,3
DA:118,1
DA:119,2
DA:122,1
DA:123,2
DA:126,1
DA:127,2
DA:130,1
DA:131,2
DA:134,1
DA:135,2
DA:136,1
DA:137,1
DA:138,1
DA:139,1
DA:142,1
DA:143,3
DA:144,3
LF:66
LH:63
end_of_record
SF:lib\repositories\modbus_data_repository\models\modbus_data_manager\status\ups_status.dart
DA:8,2
DA:10,0
DA:11,0
LF:3
LH:1
end_of_record
SF:lib\repositories\modbus_data_repository\models\modbus_data_manager\synoptic\synoptic.dart
DA:29,2
DA:54,0
DA:78,0
DA:80,0
DA:81,0
DA:82,0
DA:83,0
DA:84,0
DA:85,0
DA:86,0
DA:87,0
DA:88,0
DA:89,0
DA:90,0
DA:91,0
DA:92,0
DA:93,0
DA:94,0
DA:95,0
DA:96,0
DA:97,0
DA:98,0
DA:99,0
DA:100,0
DA:101,0
DA:104,1
DA:105,1
DA:106,1
DA:107,1
DA:108,1
DA:109,1
DA:110,1
DA:111,1
DA:112,1
DA:113,1
DA:114,1
DA:115,1
DA:116,1
DA:117,1
DA:118,1
DA:119,1
DA:120,1
DA:121,1
DA:122,1
DA:123,1
DA:124,1
DA:125,1
DA:126,1
DA:127,1
DA:128,1
LF:50
LH:26
end_of_record
SF:lib\repositories\remote_support_request_repository\managers\remote_support_request_connection_manager.dart
DA:16,1
DA:29,0
DA:50,0
DA:59,0
DA:60,0
DA:63,0
DA:64,0
DA:65,0
DA:66,0
DA:67,0
DA:68,0
DA:69,0
DA:70,0
DA:71,0
DA:72,0
DA:73,0
DA:74,0
DA:75,0
DA:77,0
DA:79,0
DA:80,0
DA:81,0
DA:82,0
DA:85,0
DA:86,0
DA:87,0
DA:88,0
DA:89,0
DA:93,0
DA:94,0
DA:95,0
DA:98,0
DA:99,0
DA:100,0
DA:103,0
DA:104,0
DA:105,0
DA:107,0
DA:109,0
DA:110,0
DA:111,0
DA:114,0
DA:116,0
DA:118,0
DA:120,0
DA:121,0
DA:123,0
DA:124,0
DA:126,0
DA:128,0
DA:129,0
DA:132,0
DA:133,0
DA:134,0
DA:135,0
DA:138,0
DA:139,0
DA:140,0
DA:144,0
DA:145,0
DA:148,0
DA:149,0
DA:150,0
DA:151,0
DA:154,0
DA:155,0
DA:156,0
DA:158,0
DA:159,0
DA:160,0
DA:161,0
DA:164,0
DA:165,0
DA:166,0
DA:167,0
DA:170,0
DA:171,0
DA:173,0
DA:174,0
DA:177,0
DA:179,0
DA:180,0
DA:181,0
DA:182,0
DA:183,0
DA:184,0
DA:185,0
DA:188,0
DA:189,0
DA:190,0
DA:191,0
DA:192,0
DA:195,0
DA:196,0
DA:197,0
DA:199,0
DA:201,0
DA:202,0
DA:203,0
DA:206,0
DA:207,0
DA:208,0
DA:211,0
DA:212,0
DA:213,0
DA:217,0
DA:218,0
DA:219,0
DA:221,0
DA:222,0
LF:110
LH:1
end_of_record
SF:lib\repositories\remote_support_request_repository\utils.dart
DA:3,1
DA:5,3
DA:6,4
LF:3
LH:3
end_of_record
SF:lib\repositories\modbus_data_repository\models\modbus_data_manager\managers\states_manager.dart
DA:10,4
DA:12,12
DA:13,12
DA:15,4
DA:16,4
DA:19,4
DA:21,2
DA:22,2
DA:23,8
DA:24,8
DA:25,4
DA:26,6
DA:27,2
DA:28,4
DA:29,6
DA:35,4
DA:36,12
LF:17
LH:17
end_of_record
SF:lib\repositories\modbus_data_repository\models\modbus_data_manager\managers\synoptic_manager.dart
DA:25,2
DA:28,0
DA:29,0
DA:32,2
DA:38,2
DA:39,4
DA:40,2
DA:41,2
DA:43,2
DA:44,2
DA:45,2
DA:49,2
DA:50,4
DA:51,6
DA:54,2
DA:55,2
DA:56,2
DA:59,2
DA:60,2
DA:61,4
DA:62,0
DA:63,0
DA:64,0
DA:65,0
DA:66,0
DA:67,0
DA:69,0
DA:72,0
DA:73,0
DA:79,2
DA:81,2
DA:82,2
DA:83,2
DA:84,2
DA:85,2
DA:86,2
DA:87,2
DA:88,2
DA:89,2
DA:90,2
DA:91,2
DA:92,2
DA:93,2
DA:94,2
DA:95,2
DA:96,2
DA:97,2
DA:98,2
DA:99,2
DA:100,2
DA:101,2
DA:102,2
DA:103,2
DA:107,2
DA:108,6
DA:112,0
DA:119,2
DA:121,4
DA:122,8
DA:123,0
DA:129,2
DA:131,4
DA:132,6
DA:133,8
DA:134,4
DA:135,2
DA:138,4
DA:144,2
DA:145,4
DA:146,4
DA:149,2
DA:151,6
DA:152,6
DA:159,0
DA:160,0
DA:161,0
DA:162,0
DA:163,0
DA:170,0
DA:174,0
DA:178,0
DA:179,0
DA:183,0
DA:187,0
DA:191,0
DA:195,0
DA:199,0
DA:203,0
DA:207,0
DA:211,0
DA:215,0
DA:219,0
DA:223,0
DA:227,0
DA:231,0
DA:235,0
DA:239,0
DA:243,0
DA:247,0
DA:251,0
DA:255,0
DA:265,2
DA:267,6
DA:270,0
DA:274,0
DA:282,2
DA:283,6
DA:285,0
DA:292,2
DA:293,6
DA:294,6
DA:297,0
DA:298,0
DA:306,2
DA:307,6
DA:309,0
DA:315,2
DA:317,6
DA:319,0
DA:327,2
DA:329,6
DA:330,6
DA:338,2
DA:339,6
DA:340,6
DA:342,0
DA:348,2
DA:349,6
DA:350,6
DA:351,0
DA:352,0
DA:354,0
DA:355,0
DA:356,0
DA:362,2
DA:363,6
DA:364,6
DA:367,0
DA:368,0
DA:376,2
DA:377,6
DA:379,0
DA:385,2
DA:387,6
DA:388,0
DA:390,6
DA:398,2
DA:400,6
DA:401,6
DA:404,0
DA:405,0
DA:415,2
DA:417,6
DA:418,0
DA:420,6
DA:421,0
DA:422,6
DA:423,6
DA:431,2
DA:432,6
DA:438,2
DA:439,6
DA:442,0
DA:446,0
DA:447,0
DA:451,0
DA:454,0
DA:457,0
DA:460,0
DA:463,0
DA:466,0
DA:469,0
DA:472,0
DA:475,0
DA:478,0
DA:481,0
DA:484,0
DA:487,0
DA:490,0
DA:493,0
DA:496,0
DA:499,0
DA:502,0
DA:505,0
DA:508,0
DA:511,0
DA:514,0
DA:517,0
DA:523,2
DA:524,6
DA:527,0
DA:528,0
DA:531,0
DA:534,2
DA:535,4
DA:536,4
LF:196
LH:105
end_of_record
SF:lib\repositories\modbus_data_repository\models\modbus_data_manager\managers\ups_status_manager.dart
DA:11,5
DA:30,2
DA:33,0
DA:34,0
DA:37,2
DA:39,6
DA:40,2
DA:41,2
DA:42,2
DA:43,2
DA:44,2
DA:45,2
DA:46,2
DA:47,2
DA:49,2
DA:50,2
DA:51,2
DA:52,2
DA:53,2
DA:54,2
DA:58,2
DA:59,4
DA:60,6
DA:63,2
DA:64,2
DA:67,2
DA:68,14
DA:69,4
DA:70,2
DA:71,4
DA:72,0
DA:73,0
DA:75,0
DA:77,0
DA:78,0
DA:83,2
DA:85,2
DA:86,4
DA:87,2
DA:89,0
DA:90,0
DA:92,0
DA:93,0
DA:95,0
DA:96,0
DA:98,0
DA:99,0
DA:101,0
DA:102,0
DA:104,0
DA:105,0
DA:107,0
DA:108,0
DA:110,0
DA:111,0
DA:113,0
DA:114,0
DA:116,0
DA:117,0
DA:118,0
DA:120,0
DA:121,0
DA:122,0
DA:124,0
DA:125,0
DA:127,0
DA:128,0
DA:130,0
DA:133,2
DA:134,4
DA:136,2
DA:137,0
DA:138,2
DA:139,0
DA:140,2
DA:141,0
DA:142,2
DA:143,0
DA:144,2
DA:145,0
DA:146,2
DA:147,0
DA:148,2
DA:150,2
DA:151,0
DA:152,2
DA:153,0
DA:155,2
DA:159,2
DA:160,4
DA:162,2
DA:164,2
DA:166,2
DA:168,2
DA:170,2
DA:172,2
DA:174,2
DA:176,2
DA:178,2
LF:99
LH:55
end_of_record
